0 verbose cli /usr/bin/node-18 /usr/bin/npm
1 info using npm@10.7.0
2 info using node@v18.20.4
3 silly config:load:file:/usr/lib/node_modules_18/npm/npmrc
4 silly config:load:file:/home/ec2-user/.npmrc
5 silly config:load:file:/etc/npmrc
6 verbose title npm install npm@latest
7 verbose argv "install" "--global" "npm@latest"
8 verbose logfile logs-max:10 dir:/home/ec2-user/.npm/_logs/2024-12-10T04_38_02_329Z-
9 verbose logfile /home/ec2-user/.npm/_logs/2024-12-10T04_38_02_329Z-debug-0.log
10 silly logfile done cleaning log files
11 http fetch GET 200 https://registry.npmjs.org/npm 235ms (cache miss)
12 http fetch GET 200 https://registry.npmjs.org/npm 312ms (cache hit)
13 silly idealTree buildDeps
14 silly fetch manifest npm@10.9.2
15 silly placeDep ROOT npm@10.9.2 OK for:  want: 10.9.2
16 silly reify moves {}
17 verbose stack Error: EACCES: permission denied, mkdir '/usr/local/lib/node_modules'
18 verbose cwd /home/ec2-user/FinalProyect
19 verbose Linux 6.1.115-126.197.amzn2023.x86_64
20 verbose node v18.20.4
21 verbose npm  v10.7.0
22 error code EACCES
23 error syscall mkdir
24 error path /usr/local/lib/node_modules
25 error errno -13
26 error [Error: EACCES: permission denied, mkdir '/usr/local/lib/node_modules'] {
26 error   errno: -13,
26 error   code: 'EACCES',
26 error   syscall: 'mkdir',
26 error   path: '/usr/local/lib/node_modules'
26 error }
27 error
27 error The operation was rejected by your operating system.
27 error It is likely you do not have the permissions to access this file as the current user
27 error
27 error If you believe this might be a permissions issue, please double-check the
27 error permissions of the file and its containing directories, or try running
27 error the command again as root/Administrator.
28 verbose exit -13
29 verbose code -13
30 silly unfinished npm timer reify 1733805483044
31 silly unfinished npm timer reify:createSparse 1733805483446
32 error A complete log of this run can be found in: /home/ec2-user/.npm/_logs/2024-12-10T04_38_02_329Z-debug-0.log
