0 verbose cli /usr/bin/node-18 /usr/bin/npm
1 info using npm@10.7.0
2 info using node@v18.20.4
3 silly config:load:file:/usr/lib/node_modules_18/npm/npmrc
4 silly config:load:file:/home/ec2-user/FinalProyect/.npmrc
5 silly config:load:file:/home/ec2-user/.npmrc
6 silly config:load:file:/etc/npmrc
7 verbose title npm install
8 verbose argv "install"
9 verbose logfile logs-max:10 dir:/home/ec2-user/.npm/_logs/2024-12-10T04_35_00_180Z-
10 verbose logfile /home/ec2-user/.npm/_logs/2024-12-10T04_35_00_180Z-debug-0.log
11 silly logfile done cleaning log files
12 silly idealTree buildDeps
13 verbose shrinkwrap failed to load node_modules/.package-lock.json out of date, updated: node_modules
14 http fetch GET 200 https://registry.npmjs.org/npm 265ms
15 silly reify moves {}
16 silly audit bulk request {
16 silly audit   '@socket.io/component-emitter': [ '3.1.2' ],
16 silly audit   '@types/cookie': [ '0.4.1' ],
16 silly audit   '@types/cors': [ '2.8.17' ],
16 silly audit   '@types/node': [ '22.7.5' ],
16 silly audit   accepts: [ '1.3.8' ],
16 silly audit   'array-flatten': [ '1.1.1' ],
16 silly audit   'aws-ssl-profiles': [ '1.1.2' ],
16 silly audit   base64id: [ '2.0.0' ],
16 silly audit   'body-parser': [ '1.20.3' ],
16 silly audit   bytes: [ '3.1.2' ],
16 silly audit   'call-bind': [ '1.0.7' ],
16 silly audit   'content-disposition': [ '0.5.4' ],
16 silly audit   'content-type': [ '1.0.5' ],
16 silly audit   cookie: [ '0.7.1', '0.7.2' ],
16 silly audit   'cookie-signature': [ '1.0.6' ],
16 silly audit   cors: [ '2.8.5' ],
16 silly audit   debug: [ '2.6.9', '4.3.7' ],
16 silly audit   'define-data-property': [ '1.1.4' ],
16 silly audit   denque: [ '2.1.0' ],
16 silly audit   depd: [ '2.0.0' ],
16 silly audit   destroy: [ '1.2.0' ],
16 silly audit   'ee-first': [ '1.1.1' ],
16 silly audit   encodeurl: [ '2.0.0', '1.0.2' ],
16 silly audit   'engine.io': [ '6.6.2' ],
16 silly audit   'engine.io-parser': [ '5.2.3' ],
16 silly audit   ms: [ '2.1.3', '2.0.0' ],
16 silly audit   'es-define-property': [ '1.0.0' ],
16 silly audit   'es-errors': [ '1.3.0' ],
16 silly audit   'escape-html': [ '1.0.3' ],
16 silly audit   etag: [ '1.8.1' ],
16 silly audit   express: [ '4.21.1' ],
16 silly audit   finalhandler: [ '1.3.1' ],
16 silly audit   forwarded: [ '0.2.0' ],
16 silly audit   fresh: [ '0.5.2' ],
16 silly audit   'function-bind': [ '1.1.2' ],
16 silly audit   'generate-function': [ '2.3.1' ],
16 silly audit   'get-intrinsic': [ '1.2.4' ],
16 silly audit   gopd: [ '1.0.1' ],
16 silly audit   'has-property-descriptors': [ '1.0.2' ],
16 silly audit   'has-proto': [ '1.0.3' ],
16 silly audit   'has-symbols': [ '1.0.3' ],
16 silly audit   hasown: [ '2.0.2' ],
16 silly audit   'http-errors': [ '2.0.0' ],
16 silly audit   'iconv-lite': [ '0.4.24', '0.6.3' ],
16 silly audit   inherits: [ '2.0.4' ],
16 silly audit   'ipaddr.js': [ '1.9.1' ],
16 silly audit   'is-property': [ '1.0.2' ],
16 silly audit   long: [ '5.2.3' ],
16 silly audit   'lru-cache': [ '7.18.3' ],
16 silly audit   'lru.min': [ '1.1.1' ],
16 silly audit   'media-typer': [ '0.3.0' ],
16 silly audit   'merge-descriptors': [ '1.0.3' ],
16 silly audit   methods: [ '1.1.2' ],
16 silly audit   mime: [ '1.6.0' ],
16 silly audit   'mime-db': [ '1.52.0' ],
16 silly audit   'mime-types': [ '2.1.35' ],
16 silly audit   mysql2: [ '3.11.5' ],
16 silly audit   'named-placeholders': [ '1.1.3' ],
16 silly audit   negotiator: [ '0.6.3' ],
16 silly audit   'object-assign': [ '4.1.1' ],
16 silly audit   'object-inspect': [ '1.13.2' ],
16 silly audit   'on-finished': [ '2.4.1' ],
16 silly audit   parseurl: [ '1.3.3' ],
16 silly audit   'path-to-regexp': [ '0.1.10' ],
16 silly audit   'proxy-addr': [ '2.0.7' ],
16 silly audit   qs: [ '6.13.0' ],
16 silly audit   'range-parser': [ '1.2.1' ],
16 silly audit   'raw-body': [ '2.5.2' ],
16 silly audit   'safe-buffer': [ '5.2.1' ],
16 silly audit   'safer-buffer': [ '2.1.2' ],
16 silly audit   send: [ '0.19.0' ],
16 silly audit   'seq-queue': [ '0.0.5' ],
16 silly audit   'serve-static': [ '1.16.2' ],
16 silly audit   'set-function-length': [ '1.2.2' ],
16 silly audit   setprototypeof: [ '1.2.0' ],
16 silly audit   'side-channel': [ '1.0.6' ],
16 silly audit   'socket.io': [ '4.8.1' ],
16 silly audit   'socket.io-adapter': [ '2.5.5' ],
16 silly audit   'socket.io-parser': [ '4.2.4' ],
16 silly audit   sqlstring: [ '2.3.3' ],
16 silly audit   statuses: [ '2.0.1' ],
16 silly audit   toidentifier: [ '1.0.1' ],
16 silly audit   'type-is': [ '1.6.18' ],
16 silly audit   'undici-types': [ '6.19.8' ],
16 silly audit   unpipe: [ '1.0.0' ],
16 silly audit   'utils-merge': [ '1.0.1' ],
16 silly audit   vary: [ '1.1.2' ],
16 silly audit   ws: [ '8.17.1' ]
16 silly audit }
17 http fetch POST 200 https://registry.npmjs.org/-/npm/v1/security/advisories/bulk 187ms
18 silly audit report {
18 silly audit report   'path-to-regexp': [
18 silly audit report     {
18 silly audit report       id: 1101081,
18 silly audit report       url: 'https://github.com/advisories/GHSA-rhx6-c78j-4q9w',
18 silly audit report       title: 'Unpatched `path-to-regexp` ReDoS in 0.1.x',
18 silly audit report       severity: 'moderate',
18 silly audit report       vulnerable_versions: '<0.1.12',
18 silly audit report       cwe: [Array],
18 silly audit report       cvss: [Object]
18 silly audit report     }
18 silly audit report   ]
18 silly audit report }
19 http fetch GET 200 https://registry.npmjs.org/path-to-regexp 58ms (cache miss)
20 http fetch GET 200 https://registry.npmjs.org/express 45ms (cache miss)
21 notice
21 notice New [33mminor[39m version of npm available! [33m10.7.0[39m -> [34m10.9.2[39m
21 notice Changelog: [34mhttps://github.com/npm/cli/releases/tag/v10.9.2[39m
21 notice To update run: [4mnpm install -g npm@10.9.2[24m
21 notice  { force: true, [Symbol(proc-log.meta)]: true }
22 verbose exit 0
23 info ok
